2025-10-26 12:46:28,960 INFO o.a.j.u.JMeterUtils: Setting Locale to en_EN
2025-10-26 12:46:28,981 INFO o.a.j.JMeter: Loading user properties from: /opt/jmeter/bin/user.properties
2025-10-26 12:46:28,981 INFO o.a.j.JMeter: Loading system properties from: /opt/jmeter/bin/system.properties
2025-10-26 12:46:28,985 INFO o.a.j.JMeter: Copyright (c) 1998-2024 The Apache Software Foundation
2025-10-26 12:46:28,986 INFO o.a.j.JMeter: Version 5.6.3
2025-10-26 12:46:28,986 INFO o.a.j.JMeter: java.version=17.0.16
2025-10-26 12:46:28,986 INFO o.a.j.JMeter: java.vm.name=OpenJDK 64-Bit Server VM
2025-10-26 12:46:28,986 INFO o.a.j.JMeter: os.name=Linux
2025-10-26 12:46:28,986 INFO o.a.j.JMeter: os.arch=amd64
2025-10-26 12:46:28,986 INFO o.a.j.JMeter: os.version=6.6.87.1-microsoft-standard-WSL2
2025-10-26 12:46:28,986 INFO o.a.j.JMeter: file.encoding=UTF-8
2025-10-26 12:46:28,986 INFO o.a.j.JMeter: java.awt.headless=true
2025-10-26 12:46:28,986 INFO o.a.j.JMeter: Max memory     =1073741824
2025-10-26 12:46:28,986 INFO o.a.j.JMeter: Available Processors =4
2025-10-26 12:46:28,995 INFO o.a.j.JMeter: Default Locale=English (EN)
2025-10-26 12:46:28,995 INFO o.a.j.JMeter: JMeter  Locale=English (EN)
2025-10-26 12:46:28,995 INFO o.a.j.JMeter: JMeterHome=/opt/jmeter
2025-10-26 12:46:28,995 INFO o.a.j.JMeter: user.dir  =/home/afrin/assignmetns/python/integration_test
2025-10-26 12:46:28,995 INFO o.a.j.JMeter: PWD       =/home/afrin/assignmetns/python/integration_test
2025-10-26 12:46:28,996 INFO o.a.j.JMeter: IP: 127.0.1.1 Name: afrin FullName: afrin.localdomain
2025-10-26 12:46:29,006 INFO o.a.j.JMeter: Setting property 'jmeter.reportgenerator.outputdir' to:'/home/afrin/assignmetns/python/integration_test/./html_report'
2025-10-26 12:46:29,010 INFO o.a.j.s.FileServer: Default base='/home/afrin/assignmetns/python/integration_test'
2025-10-26 12:46:29,014 INFO o.a.j.s.FileServer: Set new base='/home/afrin/assignmetns/python/integration_test'
2025-10-26 12:46:29,202 INFO o.a.j.s.SaveService: Testplan (JMX) version: 2.2. Testlog (JTL) version: 2.2
2025-10-26 12:46:29,233 INFO o.a.j.s.SaveService: Using SaveService properties version 5.0
2025-10-26 12:46:29,236 INFO o.a.j.s.SaveService: Using SaveService properties file encoding UTF-8
2025-10-26 12:46:29,238 INFO o.a.j.s.SaveService: Loading file: MyLoadTest.jmx
2025-10-26 12:46:29,300 INFO o.a.j.p.h.s.HTTPSamplerBase: Parser for text/html is org.apache.jmeter.protocol.http.parser.LagartoBasedHtmlParser
2025-10-26 12:46:29,301 INFO o.a.j.p.h.s.HTTPSamplerBase: Parser for application/xhtml+xml is org.apache.jmeter.protocol.http.parser.LagartoBasedHtmlParser
2025-10-26 12:46:29,301 INFO o.a.j.p.h.s.HTTPSamplerBase: Parser for application/xml is org.apache.jmeter.protocol.http.parser.LagartoBasedHtmlParser
2025-10-26 12:46:29,301 INFO o.a.j.p.h.s.HTTPSamplerBase: Parser for text/xml is org.apache.jmeter.protocol.http.parser.LagartoBasedHtmlParser
2025-10-26 12:46:29,301 INFO o.a.j.p.h.s.HTTPSamplerBase: Parser for text/vnd.wap.wml is org.apache.jmeter.protocol.http.parser.RegexpHTMLParser
2025-10-26 12:46:29,301 INFO o.a.j.p.h.s.HTTPSamplerBase: Parser for text/css is org.apache.jmeter.protocol.http.parser.CssParser
2025-10-26 12:46:29,333 INFO o.a.j.JMeter: Creating summariser <summary>
2025-10-26 12:46:29,339 INFO o.a.j.r.d.ReportGenerator: ReportGenerator will use for Parsing the separator: ','
2025-10-26 12:46:29,339 INFO o.a.j.r.d.ReportGenerator: Will generate report at end of test from  results file: results.jtl
2025-10-26 12:46:29,339 INFO o.a.j.r.d.ReportGenerator: Reading report generator properties from: /opt/jmeter/bin/reportgenerator.properties
2025-10-26 12:46:29,340 INFO o.a.j.r.d.ReportGenerator: Merging with JMeter properties
2025-10-26 12:46:29,347 INFO o.a.j.r.c.ReportGeneratorConfiguration: Property 'jmeter.reportgenerator.temp_dir' not found, using default value 'temp' instead.
2025-10-26 12:46:29,349 INFO o.a.j.r.c.ReportGeneratorConfiguration: Property 'jmeter.reportgenerator.apdex_per_transaction' not found, using default value 'null' instead.
2025-10-26 12:46:29,350 INFO o.a.j.r.c.ReportGeneratorConfiguration: apdex_per_transaction is empty, not APDEX per transaction customization
2025-10-26 12:46:29,350 INFO o.a.j.r.c.ReportGeneratorConfiguration: Property 'jmeter.reportgenerator.sample_filter' not found, using default value 'null' instead.
2025-10-26 12:46:29,350 INFO o.a.j.r.c.ReportGeneratorConfiguration: Property 'jmeter.reportgenerator.report_title' not found, using default value 'null' instead.
2025-10-26 12:46:29,350 INFO o.a.j.r.c.ReportGeneratorConfiguration: Property 'jmeter.reportgenerator.start_date' not found, using default value 'null' instead.
2025-10-26 12:46:29,350 INFO o.a.j.r.c.ReportGeneratorConfiguration: Property 'jmeter.reportgenerator.end_date' not found, using default value 'null' instead.
2025-10-26 12:46:29,350 INFO o.a.j.r.c.ReportGeneratorConfiguration: Property 'jmeter.reportgenerator.date_format' not found, using default value 'null' instead.
2025-10-26 12:46:29,350 INFO o.a.j.r.c.ReportGeneratorConfiguration: Will use date range start date: null, end date: null
2025-10-26 12:46:29,353 INFO o.a.j.r.c.ReportGeneratorConfiguration: Property 'jmeter.reportgenerator.graph.totalTPS.exclude_controllers' not found, using default value 'false' instead.
2025-10-26 12:46:29,353 INFO o.a.j.r.c.ReportGeneratorConfiguration: Property 'jmeter.reportgenerator.graph.activeThreadsOverTime.exclude_controllers' not found, using default value 'false' instead.
2025-10-26 12:46:29,354 INFO o.a.j.r.c.ReportGeneratorConfiguration: Property 'jmeter.reportgenerator.graph.timeVsThreads.exclude_controllers' not found, using default value 'false' instead.
2025-10-26 12:46:29,354 INFO o.a.j.r.c.ReportGeneratorConfiguration: Property 'jmeter.reportgenerator.graph.responseTimeDistribution.exclude_controllers' not found, using default value 'false' instead.
2025-10-26 12:46:29,354 INFO o.a.j.r.c.ReportGeneratorConfiguration: Property 'jmeter.reportgenerator.graph.transactionsPerSecond.exclude_controllers' not found, using default value 'false' instead.
2025-10-26 12:46:29,354 INFO o.a.j.r.c.ReportGeneratorConfiguration: Property 'jmeter.reportgenerator.graph.responseTimePercentiles.exclude_controllers' not found, using default value 'false' instead.
2025-10-26 12:46:29,354 INFO o.a.j.r.c.ReportGeneratorConfiguration: Property 'jmeter.reportgenerator.graph.responseTimePercentilesOverTime.exclude_controllers' not found, using default value 'false' instead.
2025-10-26 12:46:29,354 INFO o.a.j.r.c.ReportGeneratorConfiguration: Property 'jmeter.reportgenerator.graph.responseTimesOverTime.exclude_controllers' not found, using default value 'false' instead.
2025-10-26 12:46:29,354 INFO o.a.j.r.c.ReportGeneratorConfiguration: Property 'jmeter.reportgenerator.graph.connectTimeOverTime.exclude_controllers' not found, using default value 'false' instead.
2025-10-26 12:46:29,354 INFO o.a.j.r.c.ReportGeneratorConfiguration: Property 'jmeter.reportgenerator.graph.latenciesOverTime.exclude_controllers' not found, using default value 'false' instead.
2025-10-26 12:46:29,355 INFO o.a.j.r.c.ReportGeneratorConfiguration: Property 'jmeter.reportgenerator.exporter.json.filters_only_sample_series' not found, using default value 'true' instead.
2025-10-26 12:46:29,355 INFO o.a.j.r.c.ReportGeneratorConfiguration: Property 'jmeter.reportgenerator.exporter.json.series_filter' not found, using default value '' instead.
2025-10-26 12:46:29,355 INFO o.a.j.r.c.ReportGeneratorConfiguration: Property 'jmeter.reportgenerator.exporter.json.show_controllers_only' not found, using default value 'false' instead.
2025-10-26 12:46:29,355 INFO o.a.j.r.c.ReportGeneratorConfiguration: Property 'jmeter.reportgenerator.exporter.html.filters_only_sample_series' not found, using default value 'true' instead.
2025-10-26 12:46:29,355 INFO o.a.j.r.c.ReportGeneratorConfiguration: Property 'jmeter.reportgenerator.exporter.html.series_filter' not found, using default value '' instead.
2025-10-26 12:46:29,355 INFO o.a.j.r.c.ReportGeneratorConfiguration: Property 'jmeter.reportgenerator.exporter.html.show_controllers_only' not found, using default value 'false' instead.
2025-10-26 12:46:29,373 INFO o.a.j.e.StandardJMeterEngine: Running the test!
2025-10-26 12:46:29,374 INFO o.a.j.s.SampleEvent: List of sample_variables: []
2025-10-26 12:46:29,374 INFO o.a.j.s.SampleEvent: List of sample_variables: []
2025-10-26 12:46:29,383 INFO o.a.j.e.u.CompoundVariable: Note: Function class names must contain the string: '.functions.'
2025-10-26 12:46:29,383 INFO o.a.j.e.u.CompoundVariable: Note: Function class names must not contain the string: '.gui.'
2025-10-26 12:46:29,470 INFO o.a.j.JMeter: Running test (1761482789470)
2025-10-26 12:46:29,507 INFO o.a.j.e.StandardJMeterEngine: Starting ThreadGroup: 1 : Thread Group
2025-10-26 12:46:29,507 INFO o.a.j.e.StandardJMeterEngine: Starting 100 threads for group Thread Group.
2025-10-26 12:46:29,508 INFO o.a.j.e.StandardJMeterEngine: Thread will continue on error
2025-10-26 12:46:29,508 INFO o.a.j.t.ThreadGroup: Starting thread group... number=1 threads=100 ramp-up=10 delayedStart=false
2025-10-26 12:46:29,515 INFO o.a.j.t.JMeterThread: Thread started: Thread Group 1-1
2025-10-26 12:46:29,563 INFO o.a.j.p.h.s.HTTPHCAbstractImpl: Local host = afrin
2025-10-26 12:46:29,582 INFO o.a.j.p.h.s.HTTPHC4Impl: HTTP request retry count = 0
2025-10-26 12:46:29,585 INFO o.a.j.s.SampleResult: Note: Sample TimeStamps are START times
2025-10-26 12:46:29,585 INFO o.a.j.s.SampleResult: sampleresult.default.encoding is set to UTF-8
2025-10-26 12:46:29,585 INFO o.a.j.s.SampleResult: sampleresult.useNanoTime=true
2025-10-26 12:46:29,585 INFO o.a.j.s.SampleResult: sampleresult.nanoThreadSleep=5000
2025-10-26 12:46:29,619 INFO o.a.j.t.JMeterThread: Thread started: Thread Group 1-2
2025-10-26 12:46:29,713 INFO o.a.j.t.JMeterThread: Thread started: Thread Group 1-3
2025-10-26 12:46:29,736 INFO o.a.j.t.ThreadGroup: Started thread group number 1
2025-10-26 12:46:29,736 INFO o.a.j.e.StandardJMeterEngine: All thread groups have been started
2025-10-26 12:46:29,811 INFO o.a.j.t.JMeterThread: Thread started: Thread Group 1-4
2025-10-26 12:46:29,911 INFO o.a.j.t.JMeterThread: Thread started: Thread Group 1-5
2025-10-26 12:46:30,012 INFO o.a.j.t.JMeterThread: Thread started: Thread Group 1-6
2025-10-26 12:46:30,113 INFO o.a.j.t.JMeterThread: Thread started: Thread Group 1-7
2025-10-26 12:46:30,212 INFO o.a.j.t.JMeterThread: Thread started: Thread Group 1-8
2025-10-26 12:46:30,310 INFO o.a.j.t.JMeterThread: Thread started: Thread Group 1-9
2025-10-26 12:46:30,403 INFO o.a.j.r.Summariser: summary +      1 in 00:00:01 =    1.1/s Avg:   582 Min:   582 Max:   582 Err:     0 (0.00%) Active: 9 Started: 9 Finished: 0
2025-10-26 12:46:30,411 INFO o.a.j.t.JMeterThread: Thread started: Thread Group 1-10
2025-10-26 12:46:30,517 INFO o.a.j.t.JMeterThread: Thread started: Thread Group 1-11
2025-10-26 12:46:30,612 INFO o.a.j.t.JMeterThread: Thread started: Thread Group 1-12
2025-10-26 12:46:30,719 INFO o.a.j.t.JMeterThread: Thread started: Thread Group 1-13
2025-10-26 12:46:30,871 INFO o.a.j.t.JMeterThread: Thread started: Thread Group 1-14
2025-10-26 12:46:30,918 INFO o.a.j.t.JMeterThread: Thread started: Thread Group 1-15
2025-10-26 12:46:31,011 INFO o.a.j.t.JMeterThread: Thread started: Thread Group 1-16
2025-10-26 12:46:31,110 INFO o.a.j.t.JMeterThread: Thread started: Thread Group 1-17
2025-10-26 12:46:31,215 INFO o.a.j.t.JMeterThread: Thread started: Thread Group 1-18
2025-10-26 12:46:31,352 INFO o.a.j.t.JMeterThread: Thread started: Thread Group 1-19
2025-10-26 12:46:31,417 INFO o.a.j.t.JMeterThread: Thread started: Thread Group 1-20
2025-10-26 12:46:31,515 INFO o.a.j.t.JMeterThread: Thread started: Thread Group 1-21
2025-10-26 12:46:31,611 INFO o.a.j.t.JMeterThread: Thread started: Thread Group 1-22
2025-10-26 12:46:31,713 INFO o.a.j.t.JMeterThread: Thread started: Thread Group 1-23
2025-10-26 12:46:31,813 INFO o.a.j.t.JMeterThread: Thread started: Thread Group 1-24
2025-10-26 12:46:31,913 INFO o.a.j.t.JMeterThread: Thread started: Thread Group 1-25
2025-10-26 12:46:32,014 INFO o.a.j.t.JMeterThread: Thread started: Thread Group 1-26
2025-10-26 12:46:32,111 INFO o.a.j.t.JMeterThread: Thread started: Thread Group 1-27
2025-10-26 12:46:32,209 INFO o.a.j.t.JMeterThread: Thread started: Thread Group 1-28
2025-10-26 12:46:32,309 INFO o.a.j.t.JMeterThread: Thread started: Thread Group 1-29
2025-10-26 12:46:32,415 INFO o.a.j.t.JMeterThread: Thread started: Thread Group 1-30
2025-10-26 12:46:32,516 INFO o.a.j.t.JMeterThread: Thread started: Thread Group 1-31
2025-10-26 12:46:32,613 INFO o.a.j.t.JMeterThread: Thread started: Thread Group 1-32
2025-10-26 12:46:32,622 INFO o.a.j.t.JMeterThread: Thread is done: Thread Group 1-3
2025-10-26 12:46:32,623 INFO o.a.j.t.JMeterThread: Thread finished: Thread Group 1-3
2025-10-26 12:46:32,627 INFO o.a.j.t.JMeterThread: Thread is done: Thread Group 1-1
2025-10-26 12:46:32,628 INFO o.a.j.t.JMeterThread: Thread finished: Thread Group 1-1
2025-10-26 12:46:32,678 INFO o.a.j.t.JMeterThread: Thread is done: Thread Group 1-4
2025-10-26 12:46:32,678 INFO o.a.j.t.JMeterThread: Thread finished: Thread Group 1-4
2025-10-26 12:46:32,696 INFO o.a.j.t.JMeterThread: Thread is done: Thread Group 1-2
2025-10-26 12:46:32,697 INFO o.a.j.t.JMeterThread: Thread finished: Thread Group 1-2
2025-10-26 12:46:32,705 INFO o.a.j.t.JMeterThread: Thread is done: Thread Group 1-5
2025-10-26 12:46:32,705 INFO o.a.j.t.JMeterThread: Thread finished: Thread Group 1-5
2025-10-26 12:46:32,713 INFO o.a.j.t.JMeterThread: Thread started: Thread Group 1-33
2025-10-26 12:46:32,745 INFO o.a.j.t.JMeterThread: Thread is done: Thread Group 1-6
2025-10-26 12:46:32,745 INFO o.a.j.t.JMeterThread: Thread finished: Thread Group 1-6
2025-10-26 12:46:32,800 INFO o.a.j.t.JMeterThread: Thread is done: Thread Group 1-7
2025-10-26 12:46:32,800 INFO o.a.j.t.JMeterThread: Thread finished: Thread Group 1-7
2025-10-26 12:46:32,815 INFO o.a.j.t.JMeterThread: Thread started: Thread Group 1-34
2025-10-26 12:46:32,916 INFO o.a.j.t.JMeterThread: Thread started: Thread Group 1-35
2025-10-26 12:46:33,018 INFO o.a.j.t.JMeterThread: Thread started: Thread Group 1-36
2025-10-26 12:46:33,025 INFO o.a.j.t.JMeterThread: Thread is done: Thread Group 1-8
2025-10-26 12:46:33,025 INFO o.a.j.t.JMeterThread: Thread finished: Thread Group 1-8
2025-10-26 12:46:33,084 INFO o.a.j.t.JMeterThread: Thread is done: Thread Group 1-9
2025-10-26 12:46:33,085 INFO o.a.j.t.JMeterThread: Thread finished: Thread Group 1-9
2025-10-26 12:46:33,119 INFO o.a.j.t.JMeterThread: Thread started: Thread Group 1-37
2025-10-26 12:46:33,202 INFO o.a.j.t.JMeterThread: Thread is done: Thread Group 1-10
2025-10-26 12:46:33,202 INFO o.a.j.t.JMeterThread: Thread finished: Thread Group 1-10
2025-10-26 12:46:33,211 INFO o.a.j.t.JMeterThread: Thread started: Thread Group 1-38
2025-10-26 12:46:33,278 INFO o.a.j.t.JMeterThread: Thread is done: Thread Group 1-11
2025-10-26 12:46:33,278 INFO o.a.j.t.JMeterThread: Thread finished: Thread Group 1-11
2025-10-26 12:46:33,310 INFO o.a.j.t.JMeterThread: Thread started: Thread Group 1-39
2025-10-26 12:46:33,338 INFO o.a.j.t.JMeterThread: Thread is done: Thread Group 1-12
2025-10-26 12:46:33,339 INFO o.a.j.t.JMeterThread: Thread finished: Thread Group 1-12
2025-10-26 12:46:33,427 INFO o.a.j.t.JMeterThread: Thread started: Thread Group 1-40
2025-10-26 12:46:33,514 INFO o.a.j.t.JMeterThread: Thread started: Thread Group 1-41
2025-10-26 12:46:33,531 INFO o.a.j.t.JMeterThread: Thread is done: Thread Group 1-13
2025-10-26 12:46:33,531 INFO o.a.j.t.JMeterThread: Thread finished: Thread Group 1-13
2025-10-26 12:46:33,611 INFO o.a.j.t.JMeterThread: Thread started: Thread Group 1-42
2025-10-26 12:46:33,673 INFO o.a.j.t.JMeterThread: Thread is done: Thread Group 1-14
2025-10-26 12:46:33,673 INFO o.a.j.t.JMeterThread: Thread finished: Thread Group 1-14
2025-10-26 12:46:33,743 INFO o.a.j.t.JMeterThread: Thread started: Thread Group 1-43
2025-10-26 12:46:33,808 INFO o.a.j.t.JMeterThread: Thread is done: Thread Group 1-16
2025-10-26 12:46:33,808 INFO o.a.j.t.JMeterThread: Thread finished: Thread Group 1-16
2025-10-26 12:46:33,815 INFO o.a.j.t.JMeterThread: Thread started: Thread Group 1-44
2025-10-26 12:46:33,916 INFO o.a.j.t.JMeterThread: Thread started: Thread Group 1-45
2025-10-26 12:46:33,920 INFO o.a.j.t.JMeterThread: Thread is done: Thread Group 1-17
2025-10-26 12:46:33,922 INFO o.a.j.t.JMeterThread: Thread finished: Thread Group 1-17
2025-10-26 12:46:33,957 INFO o.a.j.t.JMeterThread: Thread is done: Thread Group 1-18
2025-10-26 12:46:33,958 INFO o.a.j.t.JMeterThread: Thread finished: Thread Group 1-18
2025-10-26 12:46:34,013 INFO o.a.j.t.JMeterThread: Thread started: Thread Group 1-46
2025-10-26 12:46:34,110 INFO o.a.j.t.JMeterThread: Thread is done: Thread Group 1-19
2025-10-26 12:46:34,110 INFO o.a.j.t.JMeterThread: Thread finished: Thread Group 1-19
2025-10-26 12:46:34,118 INFO o.a.j.t.JMeterThread: Thread started: Thread Group 1-47
2025-10-26 12:46:34,197 INFO o.a.j.t.JMeterThread: Thread is done: Thread Group 1-20
2025-10-26 12:46:34,197 INFO o.a.j.t.JMeterThread: Thread finished: Thread Group 1-20
2025-10-26 12:46:34,217 INFO o.a.j.t.JMeterThread: Thread started: Thread Group 1-48
2025-10-26 12:46:34,260 INFO o.a.j.t.JMeterThread: Thread is done: Thread Group 1-21
2025-10-26 12:46:34,260 INFO o.a.j.t.JMeterThread: Thread finished: Thread Group 1-21
2025-10-26 12:46:34,315 INFO o.a.j.t.JMeterThread: Thread started: Thread Group 1-49
2025-10-26 12:46:34,389 INFO o.a.j.t.JMeterThread: Thread is done: Thread Group 1-22
2025-10-26 12:46:34,389 INFO o.a.j.t.JMeterThread: Thread finished: Thread Group 1-22
2025-10-26 12:46:34,418 INFO o.a.j.t.JMeterThread: Thread started: Thread Group 1-50
2025-10-26 12:46:34,474 INFO o.a.j.t.JMeterThread: Thread is done: Thread Group 1-23
2025-10-26 12:46:34,474 INFO o.a.j.t.JMeterThread: Thread finished: Thread Group 1-23
2025-10-26 12:46:34,515 INFO o.a.j.t.JMeterThread: Thread started: Thread Group 1-51
2025-10-26 12:46:34,516 INFO o.a.j.t.JMeterThread: Thread is done: Thread Group 1-24
2025-10-26 12:46:34,516 INFO o.a.j.t.JMeterThread: Thread finished: Thread Group 1-24
2025-10-26 12:46:34,596 INFO o.a.j.t.JMeterThread: Thread is done: Thread Group 1-25
2025-10-26 12:46:34,596 INFO o.a.j.t.JMeterThread: Thread finished: Thread Group 1-25
2025-10-26 12:46:34,617 INFO o.a.j.t.JMeterThread: Thread started: Thread Group 1-52
2025-10-26 12:46:34,692 INFO o.a.j.t.JMeterThread: Thread is done: Thread Group 1-15
2025-10-26 12:46:34,693 INFO o.a.j.t.JMeterThread: Thread finished: Thread Group 1-15
2025-10-26 12:46:34,704 INFO o.a.j.t.JMeterThread: Thread is done: Thread Group 1-26
2025-10-26 12:46:34,704 INFO o.a.j.t.JMeterThread: Thread finished: Thread Group 1-26
2025-10-26 12:46:34,711 INFO o.a.j.t.JMeterThread: Thread started: Thread Group 1-53
2025-10-26 12:46:34,812 INFO o.a.j.t.JMeterThread: Thread started: Thread Group 1-54
2025-10-26 12:46:34,831 INFO o.a.j.t.JMeterThread: Thread is done: Thread Group 1-27
2025-10-26 12:46:34,831 INFO o.a.j.t.JMeterThread: Thread finished: Thread Group 1-27
2025-10-26 12:46:34,915 INFO o.a.j.t.JMeterThread: Thread started: Thread Group 1-55
2025-10-26 12:46:34,949 INFO o.a.j.t.JMeterThread: Thread is done: Thread Group 1-28
2025-10-26 12:46:34,949 INFO o.a.j.t.JMeterThread: Thread finished: Thread Group 1-28
2025-10-26 12:46:35,013 INFO o.a.j.t.JMeterThread: Thread started: Thread Group 1-56
2025-10-26 12:46:35,054 INFO o.a.j.t.JMeterThread: Thread is done: Thread Group 1-29
2025-10-26 12:46:35,055 INFO o.a.j.t.JMeterThread: Thread finished: Thread Group 1-29
2025-10-26 12:46:35,099 INFO o.a.j.t.JMeterThread: Thread is done: Thread Group 1-30
2025-10-26 12:46:35,100 INFO o.a.j.t.JMeterThread: Thread finished: Thread Group 1-30
2025-10-26 12:46:35,116 INFO o.a.j.t.JMeterThread: Thread started: Thread Group 1-57
2025-10-26 12:46:35,202 INFO o.a.j.t.JMeterThread: Thread is done: Thread Group 1-31
2025-10-26 12:46:35,203 INFO o.a.j.t.JMeterThread: Thread finished: Thread Group 1-31
2025-10-26 12:46:35,215 INFO o.a.j.t.JMeterThread: Thread started: Thread Group 1-58
2025-10-26 12:46:35,294 INFO o.a.j.t.JMeterThread: Thread is done: Thread Group 1-32
2025-10-26 12:46:35,295 INFO o.a.j.t.JMeterThread: Thread finished: Thread Group 1-32
2025-10-26 12:46:35,314 INFO o.a.j.t.JMeterThread: Thread started: Thread Group 1-59
2025-10-26 12:46:35,414 INFO o.a.j.t.JMeterThread: Thread started: Thread Group 1-60
2025-10-26 12:46:35,437 INFO o.a.j.t.JMeterThread: Thread is done: Thread Group 1-33
2025-10-26 12:46:35,437 INFO o.a.j.t.JMeterThread: Thread finished: Thread Group 1-33
2025-10-26 12:46:35,512 INFO o.a.j.t.JMeterThread: Thread started: Thread Group 1-61
2025-10-26 12:46:35,574 INFO o.a.j.t.JMeterThread: Thread is done: Thread Group 1-34
2025-10-26 12:46:35,574 INFO o.a.j.t.JMeterThread: Thread finished: Thread Group 1-34
2025-10-26 12:46:35,613 INFO o.a.j.t.JMeterThread: Thread started: Thread Group 1-62
2025-10-26 12:46:35,638 INFO o.a.j.t.JMeterThread: Thread is done: Thread Group 1-35
2025-10-26 12:46:35,638 INFO o.a.j.t.JMeterThread: Thread finished: Thread Group 1-35
2025-10-26 12:46:35,698 INFO o.a.j.t.JMeterThread: Thread is done: Thread Group 1-36
2025-10-26 12:46:35,698 INFO o.a.j.t.JMeterThread: Thread finished: Thread Group 1-36
2025-10-26 12:46:35,712 INFO o.a.j.t.JMeterThread: Thread started: Thread Group 1-63
2025-10-26 12:46:35,810 INFO o.a.j.t.JMeterThread: Thread is done: Thread Group 1-37
2025-10-26 12:46:35,810 INFO o.a.j.t.JMeterThread: Thread finished: Thread Group 1-37
2025-10-26 12:46:35,812 INFO o.a.j.t.JMeterThread: Thread started: Thread Group 1-64
2025-10-26 12:46:35,914 INFO o.a.j.t.JMeterThread: Thread started: Thread Group 1-65
2025-10-26 12:46:35,926 INFO o.a.j.t.JMeterThread: Thread is done: Thread Group 1-38
2025-10-26 12:46:35,926 INFO o.a.j.t.JMeterThread: Thread finished: Thread Group 1-38
2025-10-26 12:46:36,009 INFO o.a.j.t.JMeterThread: Thread started: Thread Group 1-66
2025-10-26 12:46:36,035 INFO o.a.j.t.JMeterThread: Thread is done: Thread Group 1-39
2025-10-26 12:46:36,035 INFO o.a.j.t.JMeterThread: Thread finished: Thread Group 1-39
2025-10-26 12:46:36,112 INFO o.a.j.t.JMeterThread: Thread started: Thread Group 1-67
2025-10-26 12:46:36,171 INFO o.a.j.t.JMeterThread: Thread is done: Thread Group 1-40
2025-10-26 12:46:36,171 INFO o.a.j.t.JMeterThread: Thread finished: Thread Group 1-40
2025-10-26 12:46:36,195 INFO o.a.j.t.JMeterThread: Thread is done: Thread Group 1-41
2025-10-26 12:46:36,195 INFO o.a.j.t.JMeterThread: Thread finished: Thread Group 1-41
2025-10-26 12:46:36,212 INFO o.a.j.t.JMeterThread: Thread started: Thread Group 1-68
2025-10-26 12:46:36,292 INFO o.a.j.t.JMeterThread: Thread is done: Thread Group 1-42
2025-10-26 12:46:36,292 INFO o.a.j.t.JMeterThread: Thread finished: Thread Group 1-42
2025-10-26 12:46:36,311 INFO o.a.j.t.JMeterThread: Thread started: Thread Group 1-69
2025-10-26 12:46:36,411 INFO o.a.j.t.JMeterThread: Thread started: Thread Group 1-70
2025-10-26 12:46:36,419 INFO o.a.j.t.JMeterThread: Thread is done: Thread Group 1-43
2025-10-26 12:46:36,419 INFO o.a.j.t.JMeterThread: Thread finished: Thread Group 1-43
2025-10-26 12:46:36,498 INFO o.a.j.t.JMeterThread: Thread is done: Thread Group 1-44
2025-10-26 12:46:36,499 INFO o.a.j.t.JMeterThread: Thread finished: Thread Group 1-44
2025-10-26 12:46:36,510 INFO o.a.j.t.JMeterThread: Thread started: Thread Group 1-71
2025-10-26 12:46:36,605 INFO o.a.j.t.JMeterThread: Thread is done: Thread Group 1-45
2025-10-26 12:46:36,605 INFO o.a.j.t.JMeterThread: Thread finished: Thread Group 1-45
2025-10-26 12:46:36,610 INFO o.a.j.t.JMeterThread: Thread started: Thread Group 1-72
2025-10-26 12:46:36,710 INFO o.a.j.t.JMeterThread: Thread started: Thread Group 1-73
2025-10-26 12:46:36,811 INFO o.a.j.t.JMeterThread: Thread started: Thread Group 1-74
2025-10-26 12:46:36,809 INFO o.a.j.t.JMeterThread: Thread is done: Thread Group 1-47
2025-10-26 12:46:36,818 INFO o.a.j.t.JMeterThread: Thread finished: Thread Group 1-47
2025-10-26 12:46:36,897 INFO o.a.j.t.JMeterThread: Thread is done: Thread Group 1-48
2025-10-26 12:46:36,897 INFO o.a.j.t.JMeterThread: Thread finished: Thread Group 1-48
2025-10-26 12:46:36,911 INFO o.a.j.t.JMeterThread: Thread started: Thread Group 1-75
2025-10-26 12:46:37,072 INFO o.a.j.t.JMeterThread: Thread started: Thread Group 1-76
2025-10-26 12:46:37,118 INFO o.a.j.t.JMeterThread: Thread started: Thread Group 1-77
2025-10-26 12:46:37,133 INFO o.a.j.t.JMeterThread: Thread is done: Thread Group 1-49
2025-10-26 12:46:37,133 INFO o.a.j.t.JMeterThread: Thread finished: Thread Group 1-49
2025-10-26 12:46:37,220 INFO o.a.j.t.JMeterThread: Thread is done: Thread Group 1-50
2025-10-26 12:46:37,220 INFO o.a.j.t.JMeterThread: Thread finished: Thread Group 1-50
2025-10-26 12:46:37,230 INFO o.a.j.t.JMeterThread: Thread started: Thread Group 1-78
2025-10-26 12:46:37,303 INFO o.a.j.t.JMeterThread: Thread is done: Thread Group 1-51
2025-10-26 12:46:37,304 INFO o.a.j.t.JMeterThread: Thread finished: Thread Group 1-51
2025-10-26 12:46:37,311 INFO o.a.j.t.JMeterThread: Thread started: Thread Group 1-79
2025-10-26 12:46:37,341 INFO o.a.j.t.JMeterThread: Thread is done: Thread Group 1-52
2025-10-26 12:46:37,341 INFO o.a.j.t.JMeterThread: Thread finished: Thread Group 1-52
2025-10-26 12:46:37,392 INFO o.a.j.t.JMeterThread: Thread is done: Thread Group 1-53
2025-10-26 12:46:37,393 INFO o.a.j.t.JMeterThread: Thread finished: Thread Group 1-53
2025-10-26 12:46:37,410 INFO o.a.j.t.JMeterThread: Thread started: Thread Group 1-80
2025-10-26 12:46:37,513 INFO o.a.j.t.JMeterThread: Thread started: Thread Group 1-81
2025-10-26 12:46:37,610 INFO o.a.j.t.JMeterThread: Thread started: Thread Group 1-82
2025-10-26 12:46:37,711 INFO o.a.j.t.JMeterThread: Thread started: Thread Group 1-83
2025-10-26 12:46:37,735 INFO o.a.j.t.JMeterThread: Thread is done: Thread Group 1-54
2025-10-26 12:46:37,735 INFO o.a.j.t.JMeterThread: Thread finished: Thread Group 1-54
2025-10-26 12:46:37,811 INFO o.a.j.t.JMeterThread: Thread started: Thread Group 1-84
2025-10-26 12:46:37,833 INFO o.a.j.t.JMeterThread: Thread is done: Thread Group 1-55
2025-10-26 12:46:37,834 INFO o.a.j.t.JMeterThread: Thread finished: Thread Group 1-55
2025-10-26 12:46:37,861 INFO o.a.j.t.JMeterThread: Thread is done: Thread Group 1-56
2025-10-26 12:46:37,861 INFO o.a.j.t.JMeterThread: Thread finished: Thread Group 1-56
2025-10-26 12:46:37,892 INFO o.a.j.t.JMeterThread: Thread is done: Thread Group 1-46
2025-10-26 12:46:37,892 INFO o.a.j.t.JMeterThread: Thread finished: Thread Group 1-46
2025-10-26 12:46:37,909 INFO o.a.j.t.JMeterThread: Thread started: Thread Group 1-85
2025-10-26 12:46:37,911 INFO o.a.j.t.JMeterThread: Thread is done: Thread Group 1-57
2025-10-26 12:46:37,912 INFO o.a.j.t.JMeterThread: Thread finished: Thread Group 1-57
2025-10-26 12:46:37,939 INFO o.a.j.t.JMeterThread: Thread is done: Thread Group 1-58
2025-10-26 12:46:37,939 INFO o.a.j.t.JMeterThread: Thread finished: Thread Group 1-58
2025-10-26 12:46:37,991 INFO o.a.j.t.JMeterThread: Thread is done: Thread Group 1-59
2025-10-26 12:46:37,992 INFO o.a.j.t.JMeterThread: Thread finished: Thread Group 1-59
2025-10-26 12:46:38,011 INFO o.a.j.t.JMeterThread: Thread started: Thread Group 1-86
2025-10-26 12:46:38,111 INFO o.a.j.t.JMeterThread: Thread started: Thread Group 1-87
2025-10-26 12:46:38,210 INFO o.a.j.t.JMeterThread: Thread started: Thread Group 1-88
2025-10-26 12:46:38,312 INFO o.a.j.t.JMeterThread: Thread started: Thread Group 1-89
2025-10-26 12:46:38,322 INFO o.a.j.t.JMeterThread: Thread is done: Thread Group 1-60
2025-10-26 12:46:38,322 INFO o.a.j.t.JMeterThread: Thread finished: Thread Group 1-60
2025-10-26 12:46:38,410 INFO o.a.j.t.JMeterThread: Thread started: Thread Group 1-90
2025-10-26 12:46:38,449 INFO o.a.j.t.JMeterThread: Thread is done: Thread Group 1-62
2025-10-26 12:46:38,449 INFO o.a.j.t.JMeterThread: Thread finished: Thread Group 1-62
2025-10-26 12:46:38,508 INFO o.a.j.t.JMeterThread: Thread is done: Thread Group 1-63
2025-10-26 12:46:38,508 INFO o.a.j.t.JMeterThread: Thread finished: Thread Group 1-63
2025-10-26 12:46:38,512 INFO o.a.j.t.JMeterThread: Thread started: Thread Group 1-91
2025-10-26 12:46:38,547 INFO o.a.j.t.JMeterThread: Thread is done: Thread Group 1-64
2025-10-26 12:46:38,547 INFO o.a.j.t.JMeterThread: Thread finished: Thread Group 1-64
2025-10-26 12:46:38,610 INFO o.a.j.t.JMeterThread: Thread started: Thread Group 1-92
2025-10-26 12:46:38,711 INFO o.a.j.t.JMeterThread: Thread started: Thread Group 1-93
2025-10-26 12:46:38,773 INFO o.a.j.t.JMeterThread: Thread is done: Thread Group 1-65
2025-10-26 12:46:38,773 INFO o.a.j.t.JMeterThread: Thread finished: Thread Group 1-65
2025-10-26 12:46:38,811 INFO o.a.j.t.JMeterThread: Thread started: Thread Group 1-94
2025-10-26 12:46:38,910 INFO o.a.j.t.JMeterThread: Thread started: Thread Group 1-95
2025-10-26 12:46:38,924 INFO o.a.j.t.JMeterThread: Thread is done: Thread Group 1-66
2025-10-26 12:46:38,925 INFO o.a.j.t.JMeterThread: Thread finished: Thread Group 1-66
2025-10-26 12:46:38,966 INFO o.a.j.t.JMeterThread: Thread is done: Thread Group 1-67
2025-10-26 12:46:38,966 INFO o.a.j.t.JMeterThread: Thread finished: Thread Group 1-67
2025-10-26 12:46:39,009 INFO o.a.j.t.JMeterThread: Thread started: Thread Group 1-96
2025-10-26 12:46:39,072 INFO o.a.j.t.JMeterThread: Thread is done: Thread Group 1-68
2025-10-26 12:46:39,072 INFO o.a.j.t.JMeterThread: Thread finished: Thread Group 1-68
2025-10-26 12:46:39,076 INFO o.a.j.t.JMeterThread: Thread is done: Thread Group 1-69
2025-10-26 12:46:39,076 INFO o.a.j.t.JMeterThread: Thread finished: Thread Group 1-69
2025-10-26 12:46:39,110 INFO o.a.j.t.JMeterThread: Thread started: Thread Group 1-97
2025-10-26 12:46:39,194 INFO o.a.j.t.JMeterThread: Thread is done: Thread Group 1-61
2025-10-26 12:46:39,194 INFO o.a.j.t.JMeterThread: Thread finished: Thread Group 1-61
2025-10-26 12:46:39,210 INFO o.a.j.t.JMeterThread: Thread started: Thread Group 1-98
2025-10-26 12:46:39,226 INFO o.a.j.t.JMeterThread: Thread is done: Thread Group 1-70
2025-10-26 12:46:39,226 INFO o.a.j.t.JMeterThread: Thread finished: Thread Group 1-70
2025-10-26 12:46:39,310 INFO o.a.j.t.JMeterThread: Thread started: Thread Group 1-99
2025-10-26 12:46:39,405 INFO o.a.j.t.JMeterThread: Thread is done: Thread Group 1-71
2025-10-26 12:46:39,405 INFO o.a.j.t.JMeterThread: Thread finished: Thread Group 1-71
2025-10-26 12:46:39,411 INFO o.a.j.t.JMeterThread: Thread started: Thread Group 1-100
2025-10-26 12:46:39,473 INFO o.a.j.t.JMeterThread: Thread is done: Thread Group 1-72
2025-10-26 12:46:39,473 INFO o.a.j.t.JMeterThread: Thread finished: Thread Group 1-72
2025-10-26 12:46:39,534 INFO o.a.j.t.JMeterThread: Thread is done: Thread Group 1-73
2025-10-26 12:46:39,534 INFO o.a.j.t.JMeterThread: Thread finished: Thread Group 1-73
2025-10-26 12:46:39,660 INFO o.a.j.t.JMeterThread: Thread is done: Thread Group 1-74
2025-10-26 12:46:39,661 INFO o.a.j.t.JMeterThread: Thread finished: Thread Group 1-74
2025-10-26 12:46:39,669 INFO o.a.j.t.JMeterThread: Thread is done: Thread Group 1-75
2025-10-26 12:46:39,670 INFO o.a.j.t.JMeterThread: Thread finished: Thread Group 1-75
2025-10-26 12:46:39,795 INFO o.a.j.t.JMeterThread: Thread is done: Thread Group 1-76
2025-10-26 12:46:39,796 INFO o.a.j.t.JMeterThread: Thread finished: Thread Group 1-76
2025-10-26 12:46:39,879 INFO o.a.j.t.JMeterThread: Thread is done: Thread Group 1-77
2025-10-26 12:46:39,880 INFO o.a.j.t.JMeterThread: Thread finished: Thread Group 1-77
2025-10-26 12:46:40,035 INFO o.a.j.t.JMeterThread: Thread is done: Thread Group 1-78
2025-10-26 12:46:40,035 INFO o.a.j.t.JMeterThread: Thread finished: Thread Group 1-78
2025-10-26 12:46:40,110 INFO o.a.j.t.JMeterThread: Thread is done: Thread Group 1-79
2025-10-26 12:46:40,111 INFO o.a.j.t.JMeterThread: Thread finished: Thread Group 1-79
2025-10-26 12:46:40,188 INFO o.a.j.t.JMeterThread: Thread is done: Thread Group 1-80
2025-10-26 12:46:40,188 INFO o.a.j.t.JMeterThread: Thread finished: Thread Group 1-80
2025-10-26 12:46:40,347 INFO o.a.j.t.JMeterThread: Thread is done: Thread Group 1-82
2025-10-26 12:46:40,347 INFO o.a.j.t.JMeterThread: Thread finished: Thread Group 1-82
2025-10-26 12:46:40,393 INFO o.a.j.t.JMeterThread: Thread is done: Thread Group 1-83
2025-10-26 12:46:40,393 INFO o.a.j.t.JMeterThread: Thread finished: Thread Group 1-83
2025-10-26 12:46:40,496 INFO o.a.j.t.JMeterThread: Thread is done: Thread Group 1-84
2025-10-26 12:46:40,497 INFO o.a.j.t.JMeterThread: Thread finished: Thread Group 1-84
2025-10-26 12:46:40,649 INFO o.a.j.t.JMeterThread: Thread is done: Thread Group 1-85
2025-10-26 12:46:40,650 INFO o.a.j.t.JMeterThread: Thread finished: Thread Group 1-85
2025-10-26 12:46:40,787 INFO o.a.j.t.JMeterThread: Thread is done: Thread Group 1-86
2025-10-26 12:46:40,788 INFO o.a.j.t.JMeterThread: Thread finished: Thread Group 1-86
2025-10-26 12:46:40,806 INFO o.a.j.t.JMeterThread: Thread is done: Thread Group 1-87
2025-10-26 12:46:40,806 INFO o.a.j.t.JMeterThread: Thread finished: Thread Group 1-87
2025-10-26 12:46:40,887 INFO o.a.j.t.JMeterThread: Thread is done: Thread Group 1-88
2025-10-26 12:46:40,888 INFO o.a.j.t.JMeterThread: Thread finished: Thread Group 1-88
2025-10-26 12:46:40,985 INFO o.a.j.t.JMeterThread: Thread is done: Thread Group 1-89
2025-10-26 12:46:40,986 INFO o.a.j.t.JMeterThread: Thread finished: Thread Group 1-89
2025-10-26 12:46:41,092 INFO o.a.j.t.JMeterThread: Thread is done: Thread Group 1-90
2025-10-26 12:46:41,093 INFO o.a.j.t.JMeterThread: Thread finished: Thread Group 1-90
2025-10-26 12:46:41,221 INFO o.a.j.t.JMeterThread: Thread is done: Thread Group 1-91
2025-10-26 12:46:41,221 INFO o.a.j.t.JMeterThread: Thread finished: Thread Group 1-91
2025-10-26 12:46:41,228 INFO o.a.j.t.JMeterThread: Thread is done: Thread Group 1-81
2025-10-26 12:46:41,228 INFO o.a.j.t.JMeterThread: Thread finished: Thread Group 1-81
2025-10-26 12:46:41,348 INFO o.a.j.t.JMeterThread: Thread is done: Thread Group 1-92
2025-10-26 12:46:41,348 INFO o.a.j.t.JMeterThread: Thread finished: Thread Group 1-92
2025-10-26 12:46:41,401 INFO o.a.j.t.JMeterThread: Thread is done: Thread Group 1-93
2025-10-26 12:46:41,401 INFO o.a.j.t.JMeterThread: Thread finished: Thread Group 1-93
2025-10-26 12:46:41,490 INFO o.a.j.t.JMeterThread: Thread is done: Thread Group 1-94
2025-10-26 12:46:41,491 INFO o.a.j.t.JMeterThread: Thread finished: Thread Group 1-94
2025-10-26 12:46:41,604 INFO o.a.j.t.JMeterThread: Thread is done: Thread Group 1-95
2025-10-26 12:46:41,604 INFO o.a.j.t.JMeterThread: Thread finished: Thread Group 1-95
2025-10-26 12:46:41,694 INFO o.a.j.t.JMeterThread: Thread is done: Thread Group 1-96
2025-10-26 12:46:41,695 INFO o.a.j.t.JMeterThread: Thread finished: Thread Group 1-96
2025-10-26 12:46:41,859 INFO o.a.j.t.JMeterThread: Thread is done: Thread Group 1-97
2025-10-26 12:46:41,860 INFO o.a.j.t.JMeterThread: Thread finished: Thread Group 1-97
2025-10-26 12:46:41,897 INFO o.a.j.t.JMeterThread: Thread is done: Thread Group 1-98
2025-10-26 12:46:41,898 INFO o.a.j.t.JMeterThread: Thread finished: Thread Group 1-98
2025-10-26 12:46:41,986 INFO o.a.j.t.JMeterThread: Thread is done: Thread Group 1-99
2025-10-26 12:46:41,986 INFO o.a.j.t.JMeterThread: Thread finished: Thread Group 1-99
2025-10-26 12:46:42,082 INFO o.a.j.t.JMeterThread: Thread is done: Thread Group 1-100
2025-10-26 12:46:42,082 INFO o.a.j.t.JMeterThread: Thread finished: Thread Group 1-100
2025-10-26 12:46:42,083 INFO o.a.j.e.StandardJMeterEngine: Notifying test listeners of end of test
2025-10-26 12:46:42,086 INFO o.a.j.r.Summariser: summary +    499 in 00:00:12 =   42.7/s Avg:   558 Min:   529 Max:  1568 Err:     0 (0.00%) Active: 0 Started: 100 Finished: 100
2025-10-26 12:46:42,087 INFO o.a.j.r.Summariser: summary =    500 in 00:00:13 =   39.6/s Avg:   558 Min:   529 Max:  1568 Err:     0 (0.00%)
2025-10-26 12:46:42,088 INFO o.a.j.JMeter: Generating Dashboard
2025-10-26 12:46:42,088 INFO o.a.j.r.d.ReportGenerator: Flushing result collector before report Generation
2025-10-26 12:46:42,156 INFO o.a.j.r.p.NormalizerSampleConsumer: Using format, 'ms', to parse timeStamp field
2025-10-26 12:46:42,284 INFO o.a.j.r.p.AbstractSampleConsumer: class org.apache.jmeter.report.processor.AggregateConsumer#stopProducing(): beginDate produced 0 samples
2025-10-26 12:46:42,284 INFO o.a.j.r.p.AbstractSampleConsumer: class org.apache.jmeter.report.processor.AggregateConsumer#stopProducing(): endDate produced 0 samples
2025-10-26 12:46:42,285 INFO o.a.j.r.p.AbstractSampleConsumer: class org.apache.jmeter.report.processor.ApdexSummaryConsumer#stopProducing(): apdexSummary produced 0 samples
2025-10-26 12:46:42,286 INFO o.a.j.r.p.AbstractSampleConsumer: class org.apache.jmeter.report.processor.RequestsSummaryConsumer#stopProducing(): requestsSummary produced 0 samples
2025-10-26 12:46:42,290 INFO o.a.j.r.p.AbstractSampleConsumer: class org.apache.jmeter.report.processor.StatisticsSummaryConsumer#stopProducing(): statisticsSummary produced 0 samples
2025-10-26 12:46:42,298 INFO o.a.j.r.p.AbstractSampleConsumer: class org.apache.jmeter.report.processor.Top5ErrorsBySamplerConsumer#stopProducing(): top5ErrorsBySampler produced 0 samples
2025-10-26 12:46:42,298 INFO o.a.j.r.p.AbstractSampleConsumer: class org.apache.jmeter.report.processor.ErrorsSummaryConsumer#stopProducing(): errorsSummary produced 0 samples
2025-10-26 12:46:42,298 INFO o.a.j.r.p.AbstractSampleConsumer: class org.apache.jmeter.report.processor.graph.impl.HitsPerSecondGraphConsumer#stopProducing(): hitsPerSecond produced 0 samples
2025-10-26 12:46:42,340 INFO o.a.j.r.p.AbstractSampleConsumer: class org.apache.jmeter.report.processor.graph.impl.LatencyVSRequestGraphConsumer#stopProducing(): latencyVsRequest produced 0 samples
2025-10-26 12:46:42,341 INFO o.a.j.r.p.AbstractSampleConsumer: class org.apache.jmeter.report.processor.graph.impl.SyntheticResponseTimeDistributionGraphConsumer#stopProducing(): syntheticResponseTimeDistribution produced 0 samples
2025-10-26 12:46:42,341 INFO o.a.j.r.p.AbstractSampleConsumer: class org.apache.jmeter.report.processor.graph.impl.BytesThroughputGraphConsumer#stopProducing(): bytesThroughputOverTime produced 0 samples
2025-10-26 12:46:42,341 INFO o.a.j.r.p.AbstractSampleConsumer: class org.apache.jmeter.report.processor.graph.impl.CodesPerSecondGraphConsumer#stopProducing(): codesPerSecond produced 0 samples
2025-10-26 12:46:42,360 INFO o.a.j.r.p.AbstractSampleConsumer: class org.apache.jmeter.report.processor.graph.impl.ResponseTimeVSRequestGraphConsumer#stopProducing(): responseTimeVsRequest produced 0 samples
2025-10-26 12:46:42,360 INFO o.a.j.r.p.AbstractSampleConsumer: class org.apache.jmeter.report.processor.FilterConsumer#stopProducing(): startIntervalControlerFilter produced 3500 samples
2025-10-26 12:46:42,360 INFO o.a.j.r.p.AbstractSampleConsumer: class org.apache.jmeter.report.processor.graph.impl.TotalTPSGraphConsumer#stopProducing(): totalTPS produced 0 samples
2025-10-26 12:46:42,361 INFO o.a.j.r.p.AbstractSampleConsumer: class org.apache.jmeter.report.processor.graph.impl.ActiveThreadsGraphConsumer#stopProducing(): activeThreadsOverTime produced 0 samples
2025-10-26 12:46:42,361 INFO o.a.j.r.p.AbstractSampleConsumer: class org.apache.jmeter.report.processor.graph.impl.TimeVSThreadGraphConsumer#stopProducing(): timeVsThreads produced 0 samples
2025-10-26 12:46:42,361 INFO o.a.j.r.p.AbstractSampleConsumer: class org.apache.jmeter.report.processor.graph.impl.ResponseTimeDistributionGraphConsumer#stopProducing(): responseTimeDistribution produced 0 samples
2025-10-26 12:46:42,361 INFO o.a.j.r.p.AbstractSampleConsumer: class org.apache.jmeter.report.processor.graph.impl.TransactionsPerSecondGraphConsumer#stopProducing(): transactionsPerSecond produced 0 samples
2025-10-26 12:46:42,361 INFO o.a.j.r.p.AbstractSampleConsumer: class org.apache.jmeter.report.processor.graph.impl.ResponseTimePercentilesGraphConsumer#stopProducing(): responseTimePercentiles produced 0 samples
2025-10-26 12:46:42,362 INFO o.a.j.r.p.AbstractSampleConsumer: class org.apache.jmeter.report.processor.graph.impl.ResponseTimePercentilesOverTimeGraphConsumer#stopProducing(): responseTimePercentilesOverTime produced 0 samples
2025-10-26 12:46:42,363 INFO o.a.j.r.p.AbstractSampleConsumer: class org.apache.jmeter.report.processor.graph.impl.ResponseTimeOverTimeGraphConsumer#stopProducing(): responseTimesOverTime produced 0 samples
2025-10-26 12:46:42,363 INFO o.a.j.r.p.AbstractSampleConsumer: class org.apache.jmeter.report.processor.graph.impl.ConnectTimeOverTimeGraphConsumer#stopProducing(): connectTimeOverTime produced 0 samples
2025-10-26 12:46:42,363 INFO o.a.j.r.p.AbstractSampleConsumer: class org.apache.jmeter.report.processor.graph.impl.LatencyOverTimeGraphConsumer#stopProducing(): latenciesOverTime produced 0 samples
2025-10-26 12:46:42,363 INFO o.a.j.r.p.AbstractSampleConsumer: class org.apache.jmeter.report.processor.FilterConsumer#stopProducing(): nameFilter produced 7500 samples
2025-10-26 12:46:42,363 INFO o.a.j.r.p.AbstractSampleConsumer: class org.apache.jmeter.report.processor.FilterConsumer#stopProducing(): dateRangeFilter produced 1500 samples
2025-10-26 12:46:42,363 INFO o.a.j.r.p.AbstractSampleConsumer: class org.apache.jmeter.report.processor.NormalizerSampleConsumer#stopProducing(): normalizer produced 500 samples
2025-10-26 12:46:42,363 INFO o.a.j.r.p.CsvFileSampleSource: produce(): 500 samples produced in 178ms on channel 0
2025-10-26 12:46:42,363 INFO o.a.j.r.d.ReportGenerator: Exporting data using exporter:'json' of className:'org.apache.jmeter.report.dashboard.JsonExporter'
2025-10-26 12:46:42,438 INFO o.a.j.r.d.JsonExporter: Found data for consumer statisticsSummary in context
2025-10-26 12:46:42,439 INFO o.a.j.r.d.JsonExporter: Creating statistics for overall
2025-10-26 12:46:42,439 INFO o.a.j.r.d.JsonExporter: Creating statistics for other transactions
2025-10-26 12:46:42,440 INFO o.a.j.r.d.JsonExporter: Checking output folder
2025-10-26 12:46:42,440 INFO o.a.j.r.d.JsonExporter: Writing statistics JSON to /home/afrin/assignmetns/python/integration_test/./html_report/statistics.json
2025-10-26 12:46:42,480 INFO o.a.j.r.d.ReportGenerator: Exporting data using exporter:'html' of className:'org.apache.jmeter.report.dashboard.HtmlTemplateExporter'
2025-10-26 12:46:42,482 INFO o.a.j.r.d.HtmlTemplateExporter: Will generate dashboard in folder: /home/afrin/assignmetns/python/integration_test/./html_report
2025-10-26 12:46:42,928 INFO o.a.j.r.d.HtmlTemplateExporter: Report will be generated in: /home/afrin/assignmetns/python/integration_test/./html_report, creating folder structure
2025-10-26 12:46:42,936 INFO o.a.j.r.d.TemplateVisitor: Copying folder from '/opt/jmeter/bin/report-template' to '/home/afrin/assignmetns/python/integration_test/./html_report', got message: /home/afrin/assignmetns/python/integration_test/./html_report, found non empty folder with following content [/home/afrin/assignmetns/python/integration_test/./html_report/statistics.json], will be ignored
2025-10-26 12:46:43,187 INFO o.a.j.JMeter: Dashboard generated
